2019-04-07 16:32:06,463 [Worker-0: Loading available Gradle versions] INFO  o.e.b.c.i.u.g.PublishedGradleVersions - Gradle version information cache is up-to-date. Trying to read.
2019-04-07 16:33:49,052 [Worker-4: Loading available Gradle versions] INFO  o.e.b.c.i.u.g.PublishedGradleVersions - Gradle version information cache is up-to-date. Trying to read.
2019-04-07 16:34:01,113 [Worker-8: Updating Maven Project] INFO  o.e.m.c.i.p.ProjectConfigurationManager - Update started
2019-04-07 16:34:02,325 [Worker-8: Updating Maven Project] INFO  o.e.m.c.i.l.LifecycleMappingFactory - Using org.eclipse.m2e.jdt.JarLifecycleMapping lifecycle mapping for MavenProject: com.iprogrammers.app:CurrencyExchange:0.0.1-SNAPSHOT @ C:\Users\user\eclipse-workspace\CurrencyExchange\CXApp\pom.xml.
2019-04-07 16:34:03,105 [Worker-8: Updating Maven Project] INFO  o.e.m.j.i.AbstractJavaProjectConfigurator - Adding source folder /CXApp/src/main/java
2019-04-07 16:34:03,106 [Worker-8: Updating Maven Project] INFO  o.e.m.j.i.AbstractJavaProjectConfigurator - Adding resource folder /CXApp/src/main/resources
2019-04-07 16:34:03,106 [Worker-8: Updating Maven Project] INFO  o.e.m.j.i.AbstractJavaProjectConfigurator - Adding resource folder /CXApp/src/main/resources
2019-04-07 16:34:03,107 [Worker-8: Updating Maven Project] INFO  o.e.m.j.i.AbstractJavaProjectConfigurator - Adding source folder /CXApp/src/test/java
2019-04-07 16:34:03,433 [Worker-8: Updating Maven Project] INFO  o.e.m.c.i.p.ProjectConfigurationManager - Update completed: 2 sec
2019-04-07 16:34:04,393 [Worker-7: Building workspace] INFO  o.e.m.c.i.embedder.EclipseLogger - Using 'UTF-8' encoding to copy filtered resources.
2019-04-07 16:34:04,397 [Worker-7: Building workspace] INFO  o.e.m.c.i.embedder.EclipseLogger - Copying 0 resource
2019-04-07 16:34:04,398 [Worker-7: Building workspace] INFO  o.e.m.c.i.embedder.EclipseLogger - Copying 3 resources
2019-04-07 16:34:04,440 [Worker-7: Building workspace] INFO  o.e.m.c.i.embedder.EclipseLogger - Using 'UTF-8' encoding to copy filtered resources.
2019-04-07 16:34:04,440 [Worker-7: Building workspace] INFO  o.e.m.c.i.embedder.EclipseLogger - skip non existing resourceDirectory C:\Users\user\eclipse-workspace\CurrencyExchange\CXApp\src\test\resources
2019-04-07 16:34:24,555 [Worker-11: Building workspace] INFO  o.e.m.c.i.embedder.EclipseLogger - Using 'UTF-8' encoding to copy filtered resources.
2019-04-07 16:34:24,558 [Worker-11: Building workspace] INFO  o.e.m.c.i.embedder.EclipseLogger - Copying 0 resource
2019-04-07 16:34:24,560 [Worker-11: Building workspace] INFO  o.e.m.c.i.embedder.EclipseLogger - Copying 3 resources
2019-04-07 16:34:24,562 [Worker-11: Building workspace] INFO  o.e.m.c.i.embedder.EclipseLogger - Using 'UTF-8' encoding to copy filtered resources.
2019-04-07 16:34:24,562 [Worker-11: Building workspace] INFO  o.e.m.c.i.embedder.EclipseLogger - skip non existing resourceDirectory C:\Users\user\eclipse-workspace\CurrencyExchange\CXApp\src\test\resources
2019-04-07 16:34:57,837 [Worker-5: Loading available Gradle versions] INFO  o.e.b.c.i.u.g.PublishedGradleVersions - Gradle version information cache is up-to-date. Trying to read.
2019-04-07 20:26:15,559 [Worker-57: Building workspace] INFO  o.e.m.c.i.embedder.EclipseLogger - Using 'UTF-8' encoding to copy filtered resources.
2019-04-07 20:26:15,567 [Worker-57: Building workspace] INFO  o.e.m.c.i.embedder.EclipseLogger - Copying 0 resource
2019-04-07 20:26:15,568 [Worker-57: Building workspace] INFO  o.e.m.c.i.embedder.EclipseLogger - Copying 3 resources
2019-04-07 20:26:15,574 [Worker-57: Building workspace] INFO  o.e.m.c.i.embedder.EclipseLogger - Using 'UTF-8' encoding to copy filtered resources.
2019-04-07 20:26:15,574 [Worker-57: Building workspace] INFO  o.e.m.c.i.embedder.EclipseLogger - skip non existing resourceDirectory C:\Users\user\eclipse-workspace\CurrencyExchange\CXApp\src\test\resources
2019-04-07 20:28:02,583 [Worker-3: Loading available Gradle versions] INFO  o.e.b.c.i.u.g.PublishedGradleVersions - Gradle version information cache is up-to-date. Trying to read.
